<?xml version="1.0" encoding="UTF-8"?>
<!-- Generated by org.testng.reporters.JUnitReportReporter -->
<testsuite hostname="Mac.local" failures="0" tests="2" name="cucumber.TestNGTestRunner" time="10.404" errors="0" timestamp="2024-02-19T23:19:05 IST" skipped="0">
  <testcase classname="cucumber.TestNGTestRunner" name="runScenario" time="2.924"/>
  <system-out/>
  <testcase classname="cucumber.TestNGTestRunner" name="runScenario" time="7.480"/>
  <system-out/>
</testsuite> <!-- cucumber.TestNGTestRunner -->
