<?xml version="1.0" encoding="UTF-8"?>
<!-- Generated by org.testng.reporters.JUnitReportReporter -->
<testsuite hostname="Mac.local" failures="0" tests="3" name="devberry.Tests.SubmitOrderTest" time="15.284" errors="0" timestamp="2024-02-17T22:04:23 IST" skipped="0">
  <testcase classname="devberry.Tests.SubmitOrderTest" name="submitOrder" time="6.792"/>
  <system-out/>
  <testcase classname="devberry.Tests.SubmitOrderTest" name="submitOrder" time="5.987"/>
  <system-out/>
  <testcase classname="devberry.Tests.SubmitOrderTest" name="OrdersHistoryTest" time="2.505"/>
  <system-out/>
</testsuite> <!-- devberry.Tests.SubmitOrderTest -->
