<?xml version="1.0" encoding="UTF-8"?>
<!-- Generated by org.testng.reporters.JUnitReportReporter -->
<testsuite hostname="Mac.local" failures="0" tests="1" name="devberry.Tests.StandAloneTest" time="4.011" errors="0" timestamp="2024-02-15T22:49:02 IST" skipped="0">
  <testcase classname="devberry.Tests.StandAloneTest" name="submitOrder" time="4.011"/>
  <system-out/>
</testsuite> <!-- devberry.Tests.StandAloneTest -->
