<?xml version="1.0" encoding="UTF-8"?>
<!-- Generated by org.testng.reporters.JUnitReportReporter -->
<testsuite hostname="Mac.local" failures="0" tests="1" name="devberry.Tests.ErrorValidation" time="0.539" errors="0" timestamp="2024-02-15T22:15:26 IST" skipped="0">
  <testcase classname="devberry.Tests.ErrorValidation" name="submitOrder" time="0.539"/>
  <system-out/>
</testsuite> <!-- devberry.Tests.ErrorValidation -->
