<?xml version="1.0" encoding="UTF-8"?>
<!-- Generated by org.testng.reporters.JUnitReportReporter -->
<testsuite hostname="Mac.local" failures="0" tests="2" name="devberry.Tests.ErrorValidationTest" time="13.573" errors="0" timestamp="2024-02-19T23:28:55 IST" skipped="0">
  <testcase classname="devberry.Tests.ErrorValidationTest" name="productErrorValidation" time="8.634"/>
  <testcase classname="devberry.Tests.ErrorValidationTest" name="loginErrorValidation" time="4.939"/>
</testsuite> <!-- devberry.Tests.ErrorValidationTest -->
