<?xml version="1.0" encoding="UTF-8"?>
<!-- Generated by org.testng.reporters.JUnitReportReporter -->
<testsuite hostname="Mac.local" failures="0" tests="1" name="devberry.Tests.StandAloneTest" time="8.682" errors="0" timestamp="2024-02-19T23:28:55 IST" skipped="0">
  <testcase classname="devberry.Tests.StandAloneTest" name="submitOrder" time="8.682"/>
</testsuite> <!-- devberry.Tests.StandAloneTest -->
