<?xml version="1.0" encoding="UTF-8"?>
<!-- Generated by org.testng.reporters.JUnitReportReporter -->
<testsuite hostname="Mac.local" failures="0" tests="3" name="devberry.Tests.SubmitOrderTest" time="23.026" errors="0" timestamp="2024-02-19T23:28:55 IST" skipped="0">
  <testcase classname="devberry.Tests.SubmitOrderTest" name="OrdersHistoryTest" time="4.899"/>
  <testcase classname="devberry.Tests.SubmitOrderTest" name="submitOrder" time="9.067"/>
  <testcase classname="devberry.Tests.SubmitOrderTest" name="submitOrder" time="9.060"/>
</testsuite> <!-- devberry.Tests.SubmitOrderTest -->
